01-Jul-2022 12:06:42 INFO - Bootstrapping Spring Data JPA repositories in DEFAULT mode.
01-Jul-2022 12:06:42 INFO - Finished Spring Data repository scanning in 104 ms. Found 2 JPA repository interfaces.
01-Jul-2022 12:06:43 INFO - Tomcat initialized with port(s): 8080 (http)
01-Jul-2022 12:06:43 INFO - Initializing ProtocolHandler ["http-nio-8080"]
01-Jul-2022 12:06:43 INFO - Starting service [Tomcat]
01-Jul-2022 12:06:43 INFO - Starting Servlet engine: [Apache Tomcat/9.0.64]
01-Jul-2022 12:06:43 INFO - Initializing Spring embedded WebApplicationContext
01-Jul-2022 12:06:43 INFO - Root WebApplicationContext: initialization completed in 1625 ms
01-Jul-2022 12:06:43 INFO - HHH000204: Processing PersistenceUnitInfo [name: default]
01-Jul-2022 12:06:43 INFO - HHH000412: Hibernate ORM core version 5.6.9.Final
01-Jul-2022 12:06:44 INFO - HCANN000001: Hibernate Commons Annotations {5.1.2.Final}
01-Jul-2022 12:06:44 INFO - HHH000400: Using dialect: org.hibernate.dialect.PostgreSQL10Dialect
01-Jul-2022 12:06:44 INFO - HHH000490: Using JtaPlatform implementation: [org.hibernate.engine.transaction.jta.platform.internal.NoJtaPlatform]
01-Jul-2022 12:06:44 INFO - Initialized JPA EntityManagerFactory for persistence unit 'default'
01-Jul-2022 12:06:45 WARN - spring.jpa.open-in-view is enabled by default. Therefore, database queries may be performed during view rendering. Explicitly configure spring.jpa.open-in-view to disable this warning
01-Jul-2022 12:06:45 INFO - Starting ProtocolHandler ["http-nio-8080"]
01-Jul-2022 12:06:45 INFO - Tomcat started on port(s): 8080 (http) with context path ''
01-Jul-2022 12:08:54 INFO - Application shutdown requested.
01-Jul-2022 12:08:54 INFO - Closing JPA EntityManagerFactory for persistence unit 'default'
01-Jul-2022 12:10:43 INFO - Bootstrapping Spring Data JPA repositories in DEFAULT mode.
01-Jul-2022 12:10:43 INFO - Finished Spring Data repository scanning in 94 ms. Found 2 JPA repository interfaces.
01-Jul-2022 12:10:44 INFO - Tomcat initialized with port(s): 8080 (http)
01-Jul-2022 12:10:44 INFO - Initializing ProtocolHandler ["http-nio-8080"]
01-Jul-2022 12:10:44 INFO - Starting service [Tomcat]
01-Jul-2022 12:10:44 INFO - Starting Servlet engine: [Apache Tomcat/9.0.64]
01-Jul-2022 12:10:44 INFO - Initializing Spring embedded WebApplicationContext
01-Jul-2022 12:10:44 INFO - Root WebApplicationContext: initialization completed in 1475 ms
01-Jul-2022 12:10:44 INFO - HHH000204: Processing PersistenceUnitInfo [name: default]
01-Jul-2022 12:10:44 INFO - HHH000412: Hibernate ORM core version 5.6.9.Final
01-Jul-2022 12:10:44 INFO - HCANN000001: Hibernate Commons Annotations {5.1.2.Final}
01-Jul-2022 12:10:44 INFO - HHH000400: Using dialect: org.hibernate.dialect.PostgreSQL10Dialect
01-Jul-2022 12:10:45 INFO - HHH000490: Using JtaPlatform implementation: [org.hibernate.engine.transaction.jta.platform.internal.NoJtaPlatform]
01-Jul-2022 12:10:45 INFO - Initialized JPA EntityManagerFactory for persistence unit 'default'
01-Jul-2022 12:10:45 WARN - spring.jpa.open-in-view is enabled by default. Therefore, database queries may be performed during view rendering. Explicitly configure spring.jpa.open-in-view to disable this warning
01-Jul-2022 12:10:46 INFO - Starting ProtocolHandler ["http-nio-8080"]
01-Jul-2022 12:10:46 INFO - Tomcat started on port(s): 8080 (http) with context path ''
01-Jul-2022 15:43:46 INFO - Initializing Spring DispatcherServlet 'dispatcherServlet'
01-Jul-2022 15:43:46 INFO - Initializing Servlet 'dispatcherServlet'
01-Jul-2022 15:43:46 INFO - Completed initialization in 30 ms
01-Jul-2022 16:11:10 INFO - Application shutdown requested.
01-Jul-2022 16:11:11 INFO - Closing JPA EntityManagerFactory for persistence unit 'default'
01-Jul-2022 17:00:15 INFO - Bootstrapping Spring Data JPA repositories in DEFAULT mode.
01-Jul-2022 17:00:15 INFO - Finished Spring Data repository scanning in 108 ms. Found 2 JPA repository interfaces.
01-Jul-2022 17:00:16 INFO - Tomcat initialized with port(s): 8082 (http)
01-Jul-2022 17:00:16 INFO - Initializing ProtocolHandler ["http-nio-8082"]
01-Jul-2022 17:00:16 INFO - Starting service [Tomcat]
01-Jul-2022 17:00:16 INFO - Starting Servlet engine: [Apache Tomcat/9.0.64]
01-Jul-2022 17:00:16 INFO - Initializing Spring embedded WebApplicationContext
01-Jul-2022 17:00:16 INFO - Root WebApplicationContext: initialization completed in 1664 ms
01-Jul-2022 17:00:16 INFO - HHH000204: Processing PersistenceUnitInfo [name: default]
01-Jul-2022 17:00:16 INFO - HHH000412: Hibernate ORM core version 5.6.9.Final
01-Jul-2022 17:00:16 INFO - HCANN000001: Hibernate Commons Annotations {5.1.2.Final}
01-Jul-2022 17:00:17 INFO - HHH000400: Using dialect: org.hibernate.dialect.PostgreSQL10Dialect
01-Jul-2022 17:00:17 INFO - HHH000490: Using JtaPlatform implementation: [org.hibernate.engine.transaction.jta.platform.internal.NoJtaPlatform]
01-Jul-2022 17:00:17 INFO - Initialized JPA EntityManagerFactory for persistence unit 'default'
01-Jul-2022 17:00:18 WARN - spring.jpa.open-in-view is enabled by default. Therefore, database queries may be performed during view rendering. Explicitly configure spring.jpa.open-in-view to disable this warning
01-Jul-2022 17:00:18 INFO - Starting ProtocolHandler ["http-nio-8082"]
01-Jul-2022 17:00:18 INFO - Tomcat started on port(s): 8082 (http) with context path ''
